# JRE version: Java(TM) SE Runtime Environment (7.0_67-b01) (build 1.7.0_67-b01)
# Java VM: Java HotSpot(TM) 64-Bit Server VM (24.65-b04 mixed mode linux-amd64 compressed oops)
Heap
 PSYoungGen      total 12800K, used 1263K [0x00000000f2000000, 0x00000000f2e00000, 0x0000000100000000)
  eden space 11264K, 2% used [0x00000000f2000000,0x00000000f204aa40,0x00000000f2b00000)
  from space 1536K, 62% used [0x00000000f2c80000,0x00000000f2d71290,0x00000000f2e00000)
  to   space 1536K, 0% used [0x00000000f2b00000,0x00000000f2b00000,0x00000000f2c80000)
 ParOldGen       total 28672K, used 16K [0x00000000d6000000, 0x00000000d7c00000, 0x00000000f2000000)
  object space 28672K, 0% used [0x00000000d6000000,0x00000000d6004000,0x00000000d7c00000)
 PSPermGen       total 21504K, used 3803K [0x00000000d0e00000, 0x00000000d2300000, 0x00000000d6000000)
  object space 21504K, 17% used [0x00000000d0e00000,0x00000000d11b6fd0,0x00000000d2300000)
GC Heap History (4 events):
Event: 5.026 GC heap before
{Heap before GC invocations=1 (full 0):
 PSYoungGen      total 12800K, used 11264K [0x00000000f2000000, 0x00000000f2e00000, 0x0000000100000000)
  eden space 11264K, 100% used [0x00000000f2000000,0x00000000f2b00000,0x00000000f2b00000)
  from space 1536K, 0% used [0x00000000f2c80000,0x00000000f2c80000,0x00000000f2e00000)
  to   space 1536K, 0% used [0x00000000f2b00000,0x00000000f2b00000,0x00000000f2c80000)
 ParOldGen       total 28672K, used 0K [0x00000000d6000000, 0x00000000d7c00000, 0x00000000f2000000)
  object space 28672K, 0% used [0x00000000d6000000,0x00000000d6000000,0x00000000d7c00000)
 PSPermGen       total 21504K, used 3798K [0x00000000d0e00000, 0x00000000d2300000, 0x00000000d6000000)
  object space 21504K, 17% used [0x00000000d0e00000,0x00000000d11b5b60,0x00000000d2300000)
Event: 5.031 GC heap after
Heap after GC invocations=1 (full 0):
 PSYoungGen      total 12800K, used 976K [0x00000000f2000000, 0x00000000f2e00000, 0x0000000100000000)
  eden space 11264K, 0% used [0x00000000f2000000,0x00000000f2000000,0x00000000f2b00000)
  from space 1536K, 63% used [0x00000000f2b00000,0x00000000f2bf4290,0x00000000f2c80000)
  to   space 1536K, 0% used [0x00000000f2c80000,0x00000000f2c80000,0x00000000f2e00000)
 ParOldGen       total 28672K, used 8K [0x00000000d6000000, 0x00000000d7c00000, 0x00000000f2000000)
  object space 28672K, 0% used [0x00000000d6000000,0x00000000d6002000,0x00000000d7c00000)
 PSPermGen       total 21504K, used 3798K [0x00000000d0e00000, 0x00000000d2300000, 0x00000000d6000000)
  object space 21504K, 17% used [0x00000000d0e00000,0x00000000d11b5b60,0x00000000d2300000)
}
Event: 9.373 GC heap before
{Heap before GC invocations=2 (full 0):
 PSYoungGen      total 12800K, used 12240K [0x00000000f2000000, 0x00000000f2e00000, 0x0000000100000000)
  eden space 11264K, 100% used [0x00000000f2000000,0x00000000f2b00000,0x00000000f2b00000)
  from space 1536K, 63% used [0x00000000f2b00000,0x00000000f2bf4290,0x00000000f2c80000)
  to   space 1536K, 0% used [0x00000000f2c80000,0x00000000f2c80000,0x00000000f2e00000)
 ParOldGen       total 28672K, used 8K [0x00000000d6000000, 0x00000000d7c00000, 0x00000000f2000000)
  object space 28672K, 0% used [0x00000000d6000000,0x00000000d6002000,0x00000000d7c00000)
 PSPermGen       total 21504K, used 3803K [0x00000000d0e00000, 0x00000000d2300000, 0x00000000d6000000)
  object space 21504K, 17% used [0x00000000d0e00000,0x00000000d11b6fd0,0x00000000d2300000)
Event: 9.378 GC heap after
Heap after GC invocations=2 (full 0):
 PSYoungGen      total 12800K, used 964K [0x00000000f2000000, 0x00000000f2e00000, 0x0000000100000000)
  eden space 11264K, 0% used [0x00000000f2000000,0x00000000f2000000,0x00000000f2b00000)
  from space 1536K, 62% used [0x00000000f2c80000,0x00000000f2d71290,0x00000000f2e00000)
  to   space 1536K, 0% used [0x00000000f2b00000,0x00000000f2b00000,0x00000000f2c80000)
 ParOldGen       total 28672K, used 16K [0x00000000d6000000, 0x00000000d7c00000, 0x00000000f2000000)
  object space 28672K, 0% used [0x00000000d6000000,0x00000000d6004000,0x00000000d7c00000)
 PSPermGen       total 21504K, used 3803K [0x00000000d0e00000, 0x00000000d2300000, 0x00000000d6000000)
  object space 21504K, 17% used [0x00000000d0e00000,0x00000000d11b6fd0,0x00000000d2300000)
}

